<?xml version="1.0" encoding="utf-8" ?>
<testsuites tests="28" failures="0" time="1.052">
  <testsuite name="test_LEDDriver" tests="28" failures="0" skipped="0" errors="0" time="1.052">
    <testcase name="test_CCO_TC_UT_0131" time="0.000"/>
    <testcase name="test_CCO_TC_UT_0132" time="0.000"/>
    <testcase name="test_CCO_TC_UT_0133" time="0.000"/>
    <testcase name="test_CCO_TC_UT_0134" time="0.000"/>
    <testcase name="test_CCO_TC_UT_0135" time="0.000"/>
    <testcase name="test_CCO_TC_UT_0143" time="0.000"/>
    <testcase name="test_CCO_TC_UT_0136" time="0.000"/>
    <testcase name="test_CCO_TC_UT_0137" time="0.000"/>
    <testcase name="test_CCO_TC_UT_0138" time="0.000"/>
    <testcase name="test_CCO_TC_UT_0139" time="0.000"/>
    <testcase name="test_CCO_TC_UT_0140" time="0.000"/>
    <testcase name="test_CCO_TC_UT_0141" time="0.000"/>
    <testcase name="test_CCO_TC_UT_0145" time="0.000"/>
    <testcase name="test_CCO_TC_UT_0146" time="0.000"/>
    <testcase name="test_CCO_TC_UT_0147" time="0.000"/>
    <testcase name="test_CCO_TC_UT_0148" time="0.000"/>
    <testcase name="test_CCO_TC_UT_0149" time="0.000"/>
    <testcase name="test_CCO_TC_UT_0150" time="0.000"/>
    <testcase name="test_CCO_TC_UT_0151" time="0.000"/>
    <testcase name="test_CCO_TC_UT_0152" time="0.000"/>
    <testcase name="test_CCO_TC_UT_0153" time="0.000"/>
    <testcase name="test_CCO_TC_UT_0154" time="0.000"/>
    <testcase name="test_CCO_TC_UT_0155" time="0.000"/>
    <testcase name="test_CCO_TC_UT_0156" time="0.000"/>
    <testcase name="test_CCO_TC_UT_0157" time="0.000"/>
    <testcase name="test_CCO_TC_UT_0158" time="0.000"/>
    <testcase name="test_CCO_TC_UT_0159" time="0.000"/>
    <testcase name="test_CCO_TC_UT_0160" time="0.000"/>
  </testsuite>
</testsuites>
