<?xml version="1.0" encoding="utf-8" ?>
<testsuites tests="19" failures="0" time="0.233">
  <testsuite name="test_LowPowerApp" tests="19" failures="0" skipped="0" errors="0" time="0.233">
    <testcase name="test_CCO_TC_UT_0001" time="0.000"/>
    <testcase name="test_CCO_TC_UT_0002" time="0.000"/>
    <testcase name="test_CCO_TC_UT_0003" time="0.000"/>
    <testcase name="test_CCO_TC_UT_0004" time="0.000"/>
    <testcase name="test_CCO_TC_UT_0005" time="0.000"/>
    <testcase name="test_CCO_TC_UT_0006" time="0.000"/>
    <testcase name="test_CCO_TC_UT_0007" time="0.000"/>
    <testcase name="test_CCO_TC_UT_0008" time="0.000"/>
    <testcase name="test_CCO_TC_UT_0009" time="0.000"/>
    <testcase name="test_CCO_TC_UT_0010" time="0.000"/>
    <testcase name="test_CCO_TC_UT_0011" time="0.000"/>
    <testcase name="test_CCO_TC_UT_0012" time="0.000"/>
    <testcase name="test_CCO_TC_UT_0013" time="0.000"/>
    <testcase name="test_CCO_TC_UT_0014" time="0.000"/>
    <testcase name="test_CCO_TC_UT_0015" time="0.000"/>
    <testcase name="test_CCO_TC_UT_0016" time="0.000"/>
    <testcase name="test_CCO_TC_UT_0017" time="0.000"/>
    <testcase name="test_CCO_TC_UT_0018" time="0.000"/>
    <testcase name="test_CCO_TC_UT_0019" time="0.000"/>
  </testsuite>
</testsuites>
