<?xml version="1.0" encoding="utf-8" ?>
<testsuites tests="36" failures="0" time="0.295">
  <testsuite name="test_AlarmApp" tests="36" failures="0" skipped="0" errors="0" time="0.295">
    <testcase name="test_CCO_TC_UT_0080" time="0.000"/>
    <testcase name="test_CCO_TC_UT_0081" time="0.000"/>
    <testcase name="test_CCO_TC_UT_0082" time="0.000"/>
    <testcase name="test_CCO_TC_UT_0083" time="0.000"/>
    <testcase name="test_CCO_TC_UT_0084" time="0.000"/>
    <testcase name="test_CCO_TC_UT_0085" time="0.000"/>
    <testcase name="test_CCO_TC_UT_0086" time="0.000"/>
    <testcase name="test_CCO_TC_UT_0087" time="0.000"/>
    <testcase name="test_CCO_TC_UT_0088" time="0.000"/>
    <testcase name="test_CCO_TC_UT_0089" time="0.000"/>
    <testcase name="test_CCO_TC_UT_0090" time="0.000"/>
    <testcase name="test_CCO_TC_UT_0091" time="0.000"/>
    <testcase name="test_CCO_TC_UT_0092" time="0.000"/>
    <testcase name="test_CCO_TC_UT_0093" time="0.000"/>
    <testcase name="test_CCO_TC_UT_0094" time="0.000"/>
    <testcase name="test_CCO_TC_UT_0095" time="0.000"/>
    <testcase name="test_CCO_TC_UT_0096" time="0.000"/>
    <testcase name="test_CCO_TC_UT_0097" time="0.000"/>
    <testcase name="test_CCO_TC_UT_0098" time="0.000"/>
    <testcase name="test_CCO_TC_UT_0099" time="0.000"/>
    <testcase name="test_CCO_TC_UT_0100" time="0.000"/>
    <testcase name="test_CCO_TC_UT_0101" time="0.000"/>
    <testcase name="test_CCO_TC_UT_0106" time="0.000"/>
    <testcase name="test_CCO_TC_UT_0102" time="0.000"/>
    <testcase name="test_CCO_TC_UT_0103" time="0.000"/>
    <testcase name="test_CCO_TC_UT_0104" time="0.000"/>
    <testcase name="test_CCO_TC_UT_0105" time="0.000"/>
    <testcase name="test_CCO_TC_UT_0107" time="0.000"/>
    <testcase name="test_CCO_TC_UT_0108" time="0.000"/>
    <testcase name="test_CCO_TC_UT_0109" time="0.000"/>
    <testcase name="test_CCO_TC_UT_0110" time="0.000"/>
    <testcase name="test_CCO_TC_UT_0111" time="0.000"/>
    <testcase name="test_CCO_TC_UT_0112" time="0.000"/>
    <testcase name="test_CCO_TC_UT_0113" time="0.000"/>
    <testcase name="test_CCO_TC_UT_0114" time="0.000"/>
    <testcase name="test_CCO_TC_UT_0115" time="0.000"/>
  </testsuite>
</testsuites>
